2025-01-14 00:33:40,141 - werkzeug - INFO - [31m[1mWARNING: This is a development server. Do not use it in a production deployment. Use a production WSGI server instead.[0m
 * Running on http://127.0.0.1:5000
2025-01-14 00:33:40,141 - werkzeug - INFO - [33mPress CTRL+C to quit[0m
2025-01-14 00:33:40,143 - werkzeug - INFO -  * Restarting with stat
2025-01-14 00:33:41,207 - werkzeug - WARNING -  * Debugger is active!
2025-01-14 00:33:41,212 - werkzeug - INFO -  * Debugger PIN: 733-486-158
2025-01-14 00:57:15,635 - werkzeug - INFO - [31m[1mWARNING: This is a development server. Do not use it in a production deployment. Use a production WSGI server instead.[0m
 * Running on http://127.0.0.1:5000
2025-01-14 00:57:15,637 - werkzeug - INFO - [33mPress CTRL+C to quit[0m
2025-01-14 00:57:15,639 - werkzeug - INFO -  * Restarting with stat
2025-01-14 00:57:16,638 - werkzeug - WARNING -  * Debugger is active!
2025-01-14 00:57:16,643 - werkzeug - INFO -  * Debugger PIN: 733-486-158
2025-01-14 01:11:59,893 - werkzeug - INFO - [31m[1mWARNING: This is a development server. Do not use it in a production deployment. Use a production WSGI server instead.[0m
 * Running on http://127.0.0.1:5000
2025-01-14 01:11:59,893 - werkzeug - INFO - [33mPress CTRL+C to quit[0m
2025-01-14 01:11:59,895 - werkzeug - INFO -  * Restarting with stat
2025-01-14 01:12:00,853 - werkzeug - WARNING -  * Debugger is active!
2025-01-14 01:12:00,859 - werkzeug - INFO -  * Debugger PIN: 733-486-158
2025-01-14 01:13:00,265 - werkzeug - INFO - [31m[1mWARNING: This is a development server. Do not use it in a production deployment. Use a production WSGI server instead.[0m
 * Running on http://127.0.0.1:5000
2025-01-14 01:13:00,265 - werkzeug - INFO - [33mPress CTRL+C to quit[0m
2025-01-14 01:13:00,266 - werkzeug - INFO -  * Restarting with stat
2025-01-14 01:13:01,233 - werkzeug - WARNING -  * Debugger is active!
2025-01-14 01:13:01,237 - werkzeug - INFO -  * Debugger PIN: 733-486-158
2025-01-14 01:14:27,886 - werkzeug - INFO - [31m[1mWARNING: This is a development server. Do not use it in a production deployment. Use a production WSGI server instead.[0m
 * Running on http://127.0.0.1:5000
2025-01-14 01:14:27,887 - werkzeug - INFO - [33mPress CTRL+C to quit[0m
2025-01-14 01:14:27,888 - werkzeug - INFO -  * Restarting with stat
2025-01-14 01:14:28,850 - werkzeug - WARNING -  * Debugger is active!
2025-01-14 01:14:28,853 - werkzeug - INFO -  * Debugger PIN: 733-486-158
2025-01-14 01:15:31,374 - werkzeug - INFO - [31m[1mWARNING: This is a development server. Do not use it in a production deployment. Use a production WSGI server instead.[0m
 * Running on http://127.0.0.1:5000
2025-01-14 01:15:31,374 - werkzeug - INFO - [33mPress CTRL+C to quit[0m
2025-01-14 01:15:31,375 - werkzeug - INFO -  * Restarting with stat
2025-01-14 01:15:32,394 - werkzeug - WARNING -  * Debugger is active!
2025-01-14 01:15:32,398 - werkzeug - INFO -  * Debugger PIN: 733-486-158
2025-01-14 01:16:03,468 - werkzeug - INFO - [31m[1mWARNING: This is a development server. Do not use it in a production deployment. Use a production WSGI server instead.[0m
 * Running on http://127.0.0.1:5000
2025-01-14 01:16:03,468 - werkzeug - INFO - [33mPress CTRL+C to quit[0m
2025-01-14 01:16:03,469 - werkzeug - INFO -  * Restarting with stat
2025-01-14 01:16:04,525 - werkzeug - WARNING -  * Debugger is active!
2025-01-14 01:16:04,528 - werkzeug - INFO -  * Debugger PIN: 733-486-158
2025-01-14 01:17:14,829 - werkzeug - INFO - [31m[1mWARNING: This is a development server. Do not use it in a production deployment. Use a production WSGI server instead.[0m
 * Running on http://127.0.0.1:5000
2025-01-14 01:17:14,829 - werkzeug - INFO - [33mPress CTRL+C to quit[0m
2025-01-14 01:17:14,831 - werkzeug - INFO -  * Restarting with stat
2025-01-14 01:17:15,716 - werkzeug - WARNING -  * Debugger is active!
2025-01-14 01:17:15,720 - werkzeug - INFO -  * Debugger PIN: 733-486-158
2025-01-14 01:18:24,689 - werkzeug - INFO - [31m[1mWARNING: This is a development server. Do not use it in a production deployment. Use a production WSGI server instead.[0m
 * Running on http://127.0.0.1:5000
2025-01-14 01:18:24,689 - werkzeug - INFO - [33mPress CTRL+C to quit[0m
2025-01-14 01:18:24,692 - werkzeug - INFO -  * Restarting with stat
2025-01-14 01:18:25,599 - werkzeug - WARNING -  * Debugger is active!
2025-01-14 01:18:25,602 - werkzeug - INFO -  * Debugger PIN: 733-486-158
2025-01-14 01:25:18,694 - werkzeug - INFO - [31m[1mWARNING: This is a development server. Do not use it in a production deployment. Use a production WSGI server instead.[0m
 * Running on http://127.0.0.1:5000
2025-01-14 01:25:18,694 - werkzeug - INFO - [33mPress CTRL+C to quit[0m
2025-01-14 01:25:18,696 - werkzeug - INFO -  * Restarting with stat
2025-01-14 01:25:19,700 - werkzeug - WARNING -  * Debugger is active!
2025-01-14 01:25:19,705 - werkzeug - INFO -  * Debugger PIN: 733-486-158
2025-01-14 01:28:39,444 - werkzeug - INFO - [31m[1mWARNING: This is a development server. Do not use it in a production deployment. Use a production WSGI server instead.[0m
 * Running on http://127.0.0.1:5000
2025-01-14 01:28:39,445 - werkzeug - INFO - [33mPress CTRL+C to quit[0m
2025-01-14 01:28:39,446 - werkzeug - INFO -  * Restarting with stat
2025-01-14 01:28:40,548 - werkzeug - WARNING -  * Debugger is active!
2025-01-14 01:28:40,552 - werkzeug - INFO -  * Debugger PIN: 733-486-158
