2025-01-13 00:57:39,425 - werkzeug - INFO - [31m[1mWARNING: This is a development server. Do not use it in a production deployment. Use a production WSGI server instead.[0m
 * Running on http://127.0.0.1:5000
2025-01-13 00:57:39,425 - werkzeug - INFO - [33mPress CTRL+C to quit[0m
2025-01-13 00:57:39,427 - werkzeug - INFO -  * Restarting with stat
2025-01-13 00:57:40,350 - werkzeug - WARNING -  * Debugger is active!
2025-01-13 00:57:40,354 - werkzeug - INFO -  * Debugger PIN: 733-486-158
2025-01-13 00:59:25,620 - werkzeug - INFO - [31m[1mWARNING: This is a development server. Do not use it in a production deployment. Use a production WSGI server instead.[0m
 * Running on http://127.0.0.1:5000
2025-01-13 00:59:25,620 - werkzeug - INFO - [33mPress CTRL+C to quit[0m
2025-01-13 00:59:25,623 - werkzeug - INFO -  * Restarting with stat
2025-01-13 00:59:26,635 - werkzeug - WARNING -  * Debugger is active!
2025-01-13 00:59:26,639 - werkzeug - INFO -  * Debugger PIN: 733-486-158
2025-01-13 01:02:24,524 - werkzeug - INFO - [31m[1mWARNING: This is a development server. Do not use it in a production deployment. Use a production WSGI server instead.[0m
 * Running on http://127.0.0.1:5000
2025-01-13 01:02:24,524 - werkzeug - INFO - [33mPress CTRL+C to quit[0m
2025-01-13 01:02:24,525 - werkzeug - INFO -  * Restarting with stat
2025-01-13 01:02:25,639 - werkzeug - WARNING -  * Debugger is active!
2025-01-13 01:02:25,644 - werkzeug - INFO -  * Debugger PIN: 733-486-158
2025-01-13 01:06:31,273 - werkzeug - INFO - [31m[1mWARNING: This is a development server. Do not use it in a production deployment. Use a production WSGI server instead.[0m
 * Running on http://127.0.0.1:5000
2025-01-13 01:06:31,273 - werkzeug - INFO - [33mPress CTRL+C to quit[0m
2025-01-13 01:06:31,276 - werkzeug - INFO -  * Restarting with stat
2025-01-13 01:06:32,349 - werkzeug - WARNING -  * Debugger is active!
2025-01-13 01:06:32,352 - werkzeug - INFO -  * Debugger PIN: 733-486-158
2025-01-13 01:09:12,972 - werkzeug - INFO - [31m[1mWARNING: This is a development server. Do not use it in a production deployment. Use a production WSGI server instead.[0m
 * Running on http://127.0.0.1:5000
2025-01-13 01:09:12,973 - werkzeug - INFO - [33mPress CTRL+C to quit[0m
2025-01-13 01:09:12,973 - werkzeug - INFO -  * Restarting with stat
2025-01-13 01:09:13,964 - werkzeug - WARNING -  * Debugger is active!
2025-01-13 01:09:13,967 - werkzeug - INFO -  * Debugger PIN: 733-486-158
